<?xml version='1.0'?>
<ns2:test-suite xmlns:ns2='urn:model.allure.qatools.yandex.ru' start='1636953347944' stop='1636953347945'>
    <name>The Cypress io  Website: </name>
    <title>The Cypress io  Website: </title>
    <test-cases>
        <test-case start='1636953347945' status='passed' stop='1636953347945'>
            <name></name>
            <title></title>
            <labels>
                <label name='language' value='javascript'/>
                <label name='framework' value='wdio'/>
                <label name='thread' value='0-0'/>
            </labels>
            <parameters>
                <parameter kind='argument' name='browser' value='chrome-95.0.4638.69'/>
            </parameters>
            <steps/>
            <attachments/>
        </test-case>
        <test-case start='1636953347945' status='broken' stop='1636953347945'>
            <name>Then I should scroll into email search view</name>
            <title>Then I should scroll into email search view</title>
            <labels>
                <label name='language' value='javascript'/>
                <label name='framework' value='wdio'/>
                <label name='thread' value='0-0'/>
            </labels>
            <parameters>
                <parameter kind='argument' name='browser' value='chrome-95.0.4638.69'/>
            </parameters>
            <steps/>
            <attachments/>
            <failure>
                <message>Step "I should scroll into email search view" is not defined. You can ignore this error by setting cucumberOpts.ignoreUndefinedDefinitions as true.</message>
                <stack-trace>Step "I should scroll into email search view" is not defined. You can ignore this error by setting cucumberOpts.ignoreUndefinedDefinitions as true.
                	at Feature(C:\Users\Grigor_Harutyunyan\WebstormProjects\homework_2\features\new.feature):1:1
                	at Scenario():11:3
                	at Step(I should scroll into email search view):12:5
                </stack-trace>
            </failure>
        </test-case>
        <test-case start='1636953347945' status='broken' stop='1636953347945'>
            <name>Then I input invalid ""</name>
            <title>Then I input invalid ""</title>
            <labels>
                <label name='language' value='javascript'/>
                <label name='framework' value='wdio'/>
                <label name='thread' value='0-0'/>
            </labels>
            <parameters>
                <parameter kind='argument' name='browser' value='chrome-95.0.4638.69'/>
            </parameters>
            <steps/>
            <attachments/>
            <failure>
                <message>Step "I input invalid """ is not defined. You can ignore this error by setting cucumberOpts.ignoreUndefinedDefinitions as true.</message>
                <stack-trace>Step "I input invalid """ is not defined. You can ignore this error by setting cucumberOpts.ignoreUndefinedDefinitions as true.
                	at Feature(C:\Users\Grigor_Harutyunyan\WebstormProjects\homework_2\features\new.feature):1:1
                	at Scenario():11:3
                	at Step(I input invalid "&lt;mail>"):13:5
                </stack-trace>
            </failure>
        </test-case>
        <test-case start='1636953347945' status='broken' stop='1636953347945'>
            <name>And I will check Please complete this required field. which depends on error message when i click in subscribe button with invalid email</name>
            <title>And I will check Please complete this required field. which depends on error message when i click in subscribe button with invalid email</title>
            <labels>
                <label name='language' value='javascript'/>
                <label name='framework' value='wdio'/>
                <label name='thread' value='0-0'/>
            </labels>
            <parameters>
                <parameter kind='argument' name='browser' value='chrome-95.0.4638.69'/>
            </parameters>
            <steps/>
            <attachments/>
            <failure>
                <message>Step "I will check Please complete this required field. which depends on error message when i click in subscribe button with invalid email" is not defined. You can ignore this error by setting cucumberOpts.ignoreUndefinedDefinitions as true.</message>
                <stack-trace>Step "I will check Please complete this required field. which depends on error message when i click in subscribe button with invalid email" is not defined. You can ignore this error by setting cucumberOpts.ignoreUndefinedDefinitions as true.
                	at Feature(C:\Users\Grigor_Harutyunyan\WebstormProjects\homework_2\features\new.feature):1:1
                	at Scenario():11:3
                	at Step(I will check &lt;text> which depends on error message when i click in subscribe button with invalid email):14:5
                </stack-trace>
            </failure>
        </test-case>
        <test-case start='1636953347945' status='passed' stop='1636953347945'>
            <name></name>
            <title></title>
            <labels>
                <label name='language' value='javascript'/>
                <label name='framework' value='wdio'/>
                <label name='thread' value='0-0'/>
            </labels>
            <parameters>
                <parameter kind='argument' name='browser' value='chrome-95.0.4638.69'/>
            </parameters>
            <steps/>
            <attachments/>
        </test-case>
    </test-cases>
</ns2:test-suite>