<?xml version='1.0'?>
<ns2:test-suite xmlns:ns2='urn:model.allure.qatools.yandex.ru' start='1636542163071' stop='1636542163072'>
    <name>The Cypress io  Website: </name>
    <title>The Cypress io  Website: </title>
    <test-cases>
        <test-case start='1636542163071' status='passed' stop='1636542163071'>
            <name></name>
            <title></title>
            <labels>
                <label name='language' value='javascript'/>
                <label name='framework' value='wdio'/>
                <label name='thread' value='0-1'/>
            </labels>
            <parameters>
                <parameter kind='argument' name='browser' value='chrome-95.0.4638.69'/>
            </parameters>
            <steps/>
            <attachments/>
        </test-case>
        <test-case start='1636542163071' status='broken' stop='1636542163072'>
            <name>Given : I should navigate to dashboard page</name>
            <title>Given : I should navigate to dashboard page</title>
            <labels>
                <label name='language' value='javascript'/>
                <label name='framework' value='wdio'/>
                <label name='thread' value='0-1'/>
            </labels>
            <parameters>
                <parameter kind='argument' name='browser' value='chrome-95.0.4638.69'/>
            </parameters>
            <steps/>
            <attachments/>
            <failure>
                <message>Step ": I should navigate to dashboard page" is not defined. You can ignore this error by setting cucumberOpts.ignoreUndefinedDefinitions as true.</message>
                <stack-trace>Step ": I should navigate to dashboard page" is not defined. You can ignore this error by setting cucumberOpts.ignoreUndefinedDefinitions as true.
                	at Feature(C:\Users\Grigor_Harutyunyan\WebstormProjects\homework_2\features\new.feature):1:1
                	at Scenario():12:3
                	at Step(: I should navigate to &lt;page> page):13:5
                </stack-trace>
            </failure>
        </test-case>
        <test-case start='1636542163072' status='broken' stop='1636542163072'>
            <name>And : I should verify dashboard page Test and debug faster with the Cypress Dashboard</name>
            <title>And : I should verify dashboard page Test and debug faster with the Cypress Dashboard</title>
            <labels>
                <label name='language' value='javascript'/>
                <label name='framework' value='wdio'/>
                <label name='thread' value='0-1'/>
            </labels>
            <parameters>
                <parameter kind='argument' name='browser' value='chrome-95.0.4638.69'/>
            </parameters>
            <steps/>
            <attachments/>
            <failure>
                <message>Step ": I should verify dashboard page Test and debug faster with the Cypress Dashboard" is not defined. You can ignore this error by setting cucumberOpts.ignoreUndefinedDefinitions as true.</message>
                <stack-trace>Step ": I should verify dashboard page Test and debug faster with the Cypress Dashboard" is not defined. You can ignore this error by setting cucumberOpts.ignoreUndefinedDefinitions as true.
                	at Feature(C:\Users\Grigor_Harutyunyan\WebstormProjects\homework_2\features\new.feature):1:1
                	at Scenario():12:3
                	at Step(: I should verify &lt;page> page &lt;header>):14:5
                </stack-trace>
            </failure>
        </test-case>
        <test-case start='1636542163072' status='passed' stop='1636542163072'>
            <name></name>
            <title></title>
            <labels>
                <label name='language' value='javascript'/>
                <label name='framework' value='wdio'/>
                <label name='thread' value='0-1'/>
            </labels>
            <parameters>
                <parameter kind='argument' name='browser' value='chrome-95.0.4638.69'/>
            </parameters>
            <steps/>
            <attachments/>
        </test-case>
    </test-cases>
</ns2:test-suite>