<?xml version='1.0'?>
<ns2:test-suite xmlns:ns2='urn:model.allure.qatools.yandex.ru' start='1636953347936' stop='1636953347937'>
    <name>The Cypress io  Website: </name>
    <title>The Cypress io  Website: </title>
    <test-cases>
        <test-case start='1636953347936' status='passed' stop='1636953347936'>
            <name></name>
            <title></title>
            <labels>
                <label name='language' value='javascript'/>
                <label name='framework' value='wdio'/>
                <label name='thread' value='0-0'/>
            </labels>
            <parameters>
                <parameter kind='argument' name='browser' value='chrome-95.0.4638.69'/>
            </parameters>
            <steps/>
            <attachments/>
        </test-case>
        <test-case start='1636953347936' status='broken' stop='1636953347936'>
            <name>Given I should navigate to dashboard page</name>
            <title>Given I should navigate to dashboard page</title>
            <labels>
                <label name='language' value='javascript'/>
                <label name='framework' value='wdio'/>
                <label name='thread' value='0-0'/>
            </labels>
            <parameters>
                <parameter kind='argument' name='browser' value='chrome-95.0.4638.69'/>
            </parameters>
            <steps/>
            <attachments/>
            <failure>
                <message>Step "I should navigate to dashboard page" is not defined. You can ignore this error by setting cucumberOpts.ignoreUndefinedDefinitions as true.</message>
                <stack-trace>Step "I should navigate to dashboard page" is not defined. You can ignore this error by setting cucumberOpts.ignoreUndefinedDefinitions as true.
                	at Feature(C:\Users\Grigor_Harutyunyan\WebstormProjects\homework_2\features\new.feature):1:1
                	at Scenario():2:3
                	at Step(I should navigate to &lt;page> page):3:5
                </stack-trace>
            </failure>
        </test-case>
        <test-case start='1636953347936' status='broken' stop='1636953347936'>
            <name>And Text of pageHeader of dashboard should be Test and debug faster with the Cypress Dashboard</name>
            <title>And Text of pageHeader of dashboard should be Test and debug faster with the Cypress Dashboard</title>
            <labels>
                <label name='language' value='javascript'/>
                <label name='framework' value='wdio'/>
                <label name='thread' value='0-0'/>
            </labels>
            <parameters>
                <parameter kind='argument' name='browser' value='chrome-95.0.4638.69'/>
            </parameters>
            <steps/>
            <attachments/>
            <failure>
                <message>Step "Text of pageHeader of dashboard should be Test and debug faster with the Cypress Dashboard" is not defined. You can ignore this error by setting cucumberOpts.ignoreUndefinedDefinitions as true.</message>
                <stack-trace>Step "Text of pageHeader of dashboard should be Test and debug faster with the Cypress Dashboard" is not defined. You can ignore this error by setting cucumberOpts.ignoreUndefinedDefinitions as true.
                	at Feature(C:\Users\Grigor_Harutyunyan\WebstormProjects\homework_2\features\new.feature):1:1
                	at Scenario():2:3
                	at Step(Text of pageHeader of &lt;page> should be &lt;text>):4:5
                </stack-trace>
            </failure>
        </test-case>
        <test-case start='1636953347936' status='passed' stop='1636953347936'>
            <name></name>
            <title></title>
            <labels>
                <label name='language' value='javascript'/>
                <label name='framework' value='wdio'/>
                <label name='thread' value='0-0'/>
            </labels>
            <parameters>
                <parameter kind='argument' name='browser' value='chrome-95.0.4638.69'/>
            </parameters>
            <steps/>
            <attachments/>
        </test-case>
    </test-cases>
</ns2:test-suite>